-------------------------------------------------------------------------------
Test set: hu.bme.mit.spaceship.SystemTests
-------------------------------------------------------------------------------
Tests run: 3, Failures: 0, Errors: 0, Skipped: 0, Time elapsed: 0.129 s - in hu.bme.mit.spaceship.SystemTests
hu.bme.mit.spaceship.SystemTests.runCommandsFromFile_Success(Path, Path)[1]  Time elapsed: 0.064 s
hu.bme.mit.spaceship.SystemTests.runCommandsFromFile_Success(Path, Path)[2]  Time elapsed: 0.004 s
hu.bme.mit.spaceship.SystemTests.runCommandsFromFile_Success(Path, Path)[3]  Time elapsed: 0.004 s
